getopt_long((2;_;df:h:i:k:e:lm:np:q:rst:T:?;_;_))==63$fwrite((Usage: mqtt-sn-pub [opts] -t <topic> -m <message>
;1;50;_))==50$fputc((10;_))==10$fwrite((  -d             Increase debug level by one. -d can occur multiple times.
;1;75;_))==75$fwrite((  -f <file>      A file to send as the message payload.
;1;56;_))==56$fprintf((_;  -h <host>      MQTT-SN host to connect to. Defaults to '%s'.
))==70$fwrite((  -i <clientid>  ID to use for this client. Defaults to 'mqtt-sn-tools-' with process id.
;1;90;_))==90$fprintf((_;  -k <keepalive> keep alive in seconds for this client. Defaults to %d.
))==72$fprintf((_;  -e <sleep>     sleep duration in seconds when disconnecting. Defaults to %d.
))==78$fwrite((  -m <message>   Message payload to send.
;1;42;_))==42$fwrite((  -l             Read from STDIN, one message per line.
;1;56;_))==56$fwrite((  -n             Send a null (zero length) message.
;1;52;_))==52$fprintf((_;  -p <port>      Network port to connect to. Defaults to %s.
))==63$fprintf((_;  -q <qos>       Quality of Service value (0, 1 or -1). Defaults to %d.
))==71$fwrite((  -r             Message should be retained.
;1;45;_))==45$fwrite((  -s             Read one whole message from STDIN.
;1;52;_))==52$fwrite((  -t <topic>     MQTT-SN topic name to publish to.
;1;51;_))==51$fwrite((  -T <topicid>   Pre-defined MQTT-SN topic ID to publish to.
;1;61;_))==61$fwrite((  --fe           Enables Forwarder Encapsulation. Mqtt-sn packets are encapsulated according to MQTT-SN Protocol Specification v1.2, chapter 5.5 Forwarder Encapsulation.
;1;170;_))==170$fwrite((  --wlnid        If Forwarder Encapsulation is enabled, wireless node ID for this client. Defaults to process id.
;1;114;_))==114$fprintf((_;  --cport <port> Source port for outgoing packets. Uses port in ephemeral range if not specified or set to %d.
))==110$exit((1))